<?xml version="1.0" encoding="UTF-8"?>
<Site BuildName="Win32-mingw32-make"
	BuildStamp="20240226-1705-Experimental"
	Name="LAPTOP-LN0JCOD9"
	Generator="ctest-3.26.4-msvc4"
	CompilerName="C:/MinGW/bin/g++.exe"
	CompilerVersion=""
	OSName="Windows"
	Hostname="LAPTOP-LN0JCOD9"
	OSRelease=" Personal"
	OSVersion=" (Build 19045)"
	OSPlatform="AMD64"
	Is64Bits="1"
	VendorString="GenuineIntel"
	VendorID="Intel Corporation"
	FamilyID="6"
	ModelID="12"
	ProcessorCacheSize="-1"
	NumberOfLogicalCPU="8"
	NumberOfPhysicalCPU="4"
	TotalVirtualMemory="22229"
	TotalPhysicalMemory="16075"
	LogicalProcessorsPerPhysical="2"
	ProcessorClockFrequency="2803"
	>
	<Testing>
		<StartDateTime>Feb 26 18:22 [NON-UTF-8-BYTE-0xD6][NON-UTF-8-BYTE-0xE5][NON-UTF-8-BYTE-0xED][NON-UTF-8-BYTE-0xF2][NON-UTF-8-BYTE-0xF0][NON-UTF-8-BYTE-0xE0][NON-UTF-8-BYTE-0xEB][NON-UTF-8-BYTE-0xFC][NON-UTF-8-BYTE-0xED][NON-UTF-8-BYTE-0xE0][NON-UTF-8-BYTE-0xFF] [NON-UTF-8-BYTE-0xC5][NON-UTF-8-BYTE-0xE2][NON-UTF-8-BYTE-0xF0][NON-UTF-8-BYTE-0xEE][NON-UTF-8-BYTE-0xEF][NON-UTF-8-BYTE-0xE0] ([NON-UTF-8-BYTE-0xE7][NON-UTF-8-BYTE-0xE8][NON-UTF-8-BYTE-0xEC][NON-UTF-8-BYTE-0xE0])</StartDateTime>
		<StartTestTime>1708968155</StartTestTime>
		<TestList/>
		<EndDateTime>Feb 26 18:22 [NON-UTF-8-BYTE-0xD6][NON-UTF-8-BYTE-0xE5][NON-UTF-8-BYTE-0xED][NON-UTF-8-BYTE-0xF2][NON-UTF-8-BYTE-0xF0][NON-UTF-8-BYTE-0xE0][NON-UTF-8-BYTE-0xEB][NON-UTF-8-BYTE-0xFC][NON-UTF-8-BYTE-0xED][NON-UTF-8-BYTE-0xE0][NON-UTF-8-BYTE-0xFF] [NON-UTF-8-BYTE-0xC5][NON-UTF-8-BYTE-0xE2][NON-UTF-8-BYTE-0xF0][NON-UTF-8-BYTE-0xEE][NON-UTF-8-BYTE-0xEF][NON-UTF-8-BYTE-0xE0] ([NON-UTF-8-BYTE-0xE7][NON-UTF-8-BYTE-0xE8][NON-UTF-8-BYTE-0xEC][NON-UTF-8-BYTE-0xE0])</EndDateTime>
		<EndTestTime>1708968155</EndTestTime>
		<ElapsedMinutes>0</ElapsedMinutes>
	</Testing>
</Site>
